<?xml version="1.0" encoding="UTF-8"?>
<!-- Generated by org.testng.reporters.JUnitXMLReporter -->
<testsuite ignored="2" hostname="Robbo" failures="0" tests="1" name="Default test" time="0.078" errors="0" timestamp="2026-01-30T00:10:00 IST">
  <testcase classname="com.demo.base.BaseClass" name="@BeforeSuite loadConfigPropFile" time="0.011">
    <failure type="java.io.FileNotFoundException" message="C:\Users\shash\eclipse-workspace\TDD01\src\main\resources\config.properties (The system cannot find the path specified)">
      <![CDATA[java.io.FileNotFoundException: C:\Users\shash\eclipse-workspace\TDD01\src\main\resources\config.properties (The system cannot find the path specified)
at java.base/java.io.FileInputStream.open0(Native Method)
at java.base/java.io.FileInputStream.open(FileInputStream.java:213)
at java.base/java.io.FileInputStream.<init>(FileInputStream.java:152)
at com.demo.base.BaseClass.loadConfigPropFile(BaseClass.java:34)
at java.base/jdk.internal.reflect.DirectMethodHandleAccessor.invoke(DirectMethodHandleAccessor.java:103)
at java.base/java.lang.reflect.Method.invoke(Method.java:580)
at org.testng.internal.invokers.MethodInvocationHelper.invokeMethod(MethodInvocationHelper.java:141)
at org.testng.internal.invokers.MethodInvocationHelper.invokeMethodConsideringTimeout(MethodInvocationHelper.java:71)
at org.testng.internal.invokers.ConfigInvoker.invokeConfigurationMethod(ConfigInvoker.java:400)
at org.testng.internal.invokers.ConfigInvoker.invokeConfigurations(ConfigInvoker.java:333)
at org.testng.SuiteRunner.privateRun(SuiteRunner.java:358)
at org.testng.SuiteRunner.run(SuiteRunner.java:312)
at org.testng.SuiteRunnerWorker.runSuite(SuiteRunnerWorker.java:52)
at org.testng.SuiteRunnerWorker.run(SuiteRunnerWorker.java:95)
at org.testng.TestNG.runSuitesSequentially(TestNG.java:1274)
at org.testng.TestNG.runSuitesLocally(TestNG.java:1208)
at org.testng.TestNG.runSuites(TestNG.java:1112)
at org.testng.TestNG.run(TestNG.java:1079)
at org.testng.remote.AbstractRemoteTestNG.run(AbstractRemoteTestNG.java:115)
at org.testng.remote.RemoteTestNG.initAndRun(RemoteTestNG.java:293)
at org.testng.remote.RemoteTestNG.main(RemoteTestNG.java:91)
]]>
    </failure>
  </testcase> <!-- @BeforeSuite loadConfigPropFile -->
  <testcase classname="com.demo.base.BaseClass" name="@BeforeMethod runBrowserUrl" time="0.0">
    <skipped/>
  </testcase> <!-- @BeforeMethod runBrowserUrl -->
  <testcase classname="com.demo.tests.LoginTest" name="@BeforeMethod setUp" time="0.0">
    <skipped/>
  </testcase> <!-- @BeforeMethod setUp -->
  <testcase classname="com.demo.base.BaseClass" name="@AfterMethod tesrDown" time="0.0">
    <skipped/>
  </testcase> <!-- @AfterMethod tesrDown -->
  <testcase classname="com.demo.tests.LoginTest" name="validLandingOnLoginTest" time="0.006">
    <skipped/>
  </testcase> <!-- validLandingOnLoginTest -->
  <testcase classname="com.demo.tests.LoginTest" name="inValidLandingOnLoginTestSS" time="0.0">
    <ignored/>
  </testcase> <!-- inValidLandingOnLoginTestSS -->
  <testcase classname="com.demo.tests.LoginTest" name="inValidLandingOnLoginTest" time="0.0">
    <ignored/>
  </testcase> <!-- inValidLandingOnLoginTest -->
</testsuite> <!-- Default test -->
