<?xml version="1.0" encoding="UTF-8"?>
<!-- Generated by org.testng.reporters.JUnitXMLReporter -->
<testsuite ignored="2" hostname="Robbo" failures="0" tests="1" name="Default test" time="12.898" errors="0" timestamp="2026-01-31T00:02:25 IST">
  <testcase classname="com.demo.tests.LoginTest" name="validLandingOnLoginTest" time="1.141"/>
  <testcase classname="com.demo.tests.LoginTest" name="inValidLandingOnLoginTestSS" time="0.0">
    <ignored/>
  </testcase> <!-- inValidLandingOnLoginTestSS -->
  <testcase classname="com.demo.tests.LoginTest" name="inValidLandingOnLoginTest" time="0.0">
    <ignored/>
  </testcase> <!-- inValidLandingOnLoginTest -->
</testsuite> <!-- Default test -->
