<?xml version="1.0" encoding="UTF-8"?>
<!-- Generated by org.testng.reporters.JUnitXMLReporter -->
<testsuite ignored="1" hostname="Robbo" failures="2" tests="4" name="Login Test" time="24.275" errors="0" timestamp="2026-01-18T20:26:37 IST">
  <testcase classname="com.demo.tests.LoginTest" name="validLandingOnLoginTest" time="1.231"/>
  <testcase classname="com.demo.tests.RegistrationTests" name="inValidLandingOnRegisterPageTest" time="1.378">
    <failure type="java.lang.AssertionError" message="expected [true] but found [false]">
      <![CDATA[java.lang.AssertionError: expected [true] but found [false]
at com.demo.tests.RegistrationTests.inValidLandingOnRegisterPageTest(RegistrationTests.java:35)
at java.base/java.util.concurrent.Executors$RunnableAdapter.call(Executors.java:572)
at java.base/java.util.concurrent.FutureTask.run(FutureTask.java:317)
at java.base/java.util.concurrent.ThreadPoolExecutor.runWorker(ThreadPoolExecutor.java:1144)
at java.base/java.util.concurrent.ThreadPoolExecutor$Worker.run(ThreadPoolExecutor.java:642)
at java.base/java.lang.Thread.run(Thread.java:1583)
... Removed 15 stack frames]]>
    </failure>
  </testcase> <!-- inValidLandingOnRegisterPageTest -->
  <testcase classname="com.demo.tests.LoginTest" name="inValidLandingOnLoginTest" time="2.274">
    <failure type="java.lang.AssertionError" message="expected [true] but found [false]">
      <![CDATA[java.lang.AssertionError: expected [true] but found [false]
at com.demo.tests.LoginTest.inValidLandingOnLoginTest(LoginTest.java:36)
at java.base/java.util.concurrent.Executors$RunnableAdapter.call(Executors.java:572)
at java.base/java.util.concurrent.FutureTask.run(FutureTask.java:317)
at java.base/java.util.concurrent.ThreadPoolExecutor.runWorker(ThreadPoolExecutor.java:1144)
at java.base/java.util.concurrent.ThreadPoolExecutor$Worker.run(ThreadPoolExecutor.java:642)
at java.base/java.lang.Thread.run(Thread.java:1583)
... Removed 15 stack frames]]>
    </failure>
  </testcase> <!-- inValidLandingOnLoginTest -->
  <testcase classname="com.demo.tests.RegistrationTests" name="validLandingOnRegisterPageTest" time="0.667"/>
  <testcase classname="com.demo.base.BaseClass" name="@BeforeSuite loadConfigPropFile" time="0.0">
    <ignored/>
  </testcase> <!-- @BeforeSuite loadConfigPropFile -->
</testsuite> <!-- Login Test -->
