<?xml version="1.0" encoding="UTF-8"?>
<!-- Generated by org.testng.reporters.JUnitXMLReporter -->
<testsuite ignored="1" hostname="Robbo" failures="2" tests="6" name="Test01" time="31.033" errors="0" timestamp="2026-01-17T16:01:47 IST">
  <testcase classname="com.demo.tests.RegistrationTests" name="validPassLandingOnLoginPageTest01" time="2.715"/>
  <testcase classname="com.demo.tests.LoginTest" name="invalidFailLandingOnLoginTest02" time="0.631">
    <failure type="java.lang.AssertionError" message="did not expect [Welcome, Please Sign In!] but found [Welcome, Please Sign In!]">
      <![CDATA[java.lang.AssertionError: did not expect [Welcome, Please Sign In!] but found [Welcome, Please Sign In!]
at com.demo.tests.LoginTest.invalidFailLandingOnLoginTest02(LoginTest.java:41)
at java.base/java.util.concurrent.Executors$RunnableAdapter.call(Executors.java:572)
at java.base/java.util.concurrent.FutureTask.run(FutureTask.java:317)
at java.base/java.util.concurrent.ThreadPoolExecutor.runWorker(ThreadPoolExecutor.java:1144)
at java.base/java.util.concurrent.ThreadPoolExecutor$Worker.run(ThreadPoolExecutor.java:642)
at java.base/java.lang.Thread.run(Thread.java:1583)
... Removed 16 stack frames]]>
    </failure>
  </testcase> <!-- invalidFailLandingOnLoginTest02 -->
  <testcase classname="com.demo.tests.RegistrationTests" name="validLandingOnRegisterPageTest" time="1.138"/>
  <testcase classname="com.demo.tests.LoginTest" name="validPassLandingOnLoginTest01" time="1.295"/>
  <testcase classname="com.demo.tests.RegistrationTests" name="invalidFailLandingOnRegistrationPageTest02" time="0.948">
    <failure type="java.lang.AssertionError" message="did not expect [Register] but found [Register]">
      <![CDATA[java.lang.AssertionError: did not expect [Register] but found [Register]
at com.demo.tests.RegistrationTests.invalidFailLandingOnRegistrationPageTest02(RegistrationTests.java:41)
at java.base/java.util.concurrent.Executors$RunnableAdapter.call(Executors.java:572)
at java.base/java.util.concurrent.FutureTask.run(FutureTask.java:317)
at java.base/java.util.concurrent.ThreadPoolExecutor.runWorker(ThreadPoolExecutor.java:1144)
at java.base/java.util.concurrent.ThreadPoolExecutor$Worker.run(ThreadPoolExecutor.java:642)
at java.base/java.lang.Thread.run(Thread.java:1583)
... Removed 16 stack frames]]>
    </failure>
  </testcase> <!-- invalidFailLandingOnRegistrationPageTest02 -->
  <testcase classname="com.demo.tests.LoginTest" name="validLandingOnLoginTest" time="0.636"/>
  <testcase classname="com.demo.base.BaseClass" name="@BeforeSuite loadConfigPropFile" time="0.0">
    <ignored/>
  </testcase> <!-- @BeforeSuite loadConfigPropFile -->
</testsuite> <!-- Test01 -->
