<?xml version="1.0" encoding="UTF-8"?>
<testng-results ignored="2" total="3" passed="1" failed="0" skipped="0">
  <reporter-output>
  </reporter-output>
  <suite started-at="2026-01-31T00:02:12 IST" name="Default suite" finished-at="2026-01-31T00:02:25 IST" duration-ms="12898">
    <groups>
    </groups>
    <test started-at="2026-01-31T00:02:12 IST" name="Default test" finished-at="2026-01-31T00:02:25 IST" duration-ms="12898">
      <class name="com.demo.tests.LoginTest">
        <test-method is-config="true" signature="loadConfigPropFile()[pri:0, instance:com.demo.tests.LoginTest@158a3b2e]" started-at="2026-01-31T00:02:11 IST" name="loadConfigPropFile" finished-at="2026-01-31T00:02:12 IST" duration-ms="334" status="PASS">
          <reporter-output>
          </reporter-output>
        </test-method> <!-- loadConfigPropFile -->
        <test-method is-config="true" signature="runBrowserUrl()[pri:0, instance:com.demo.tests.LoginTest@158a3b2e]" started-at="2026-01-31T00:02:12 IST" name="runBrowserUrl" finished-at="2026-01-31T00:02:22 IST" duration-ms="10217" status="PASS">
          <reporter-output>
          </reporter-output>
        </test-method> <!-- runBrowserUrl -->
        <test-method is-config="true" signature="setUp()[pri:0, instance:com.demo.tests.LoginTest@158a3b2e]" started-at="2026-01-31T00:02:22 IST" name="setUp" finished-at="2026-01-31T00:02:22 IST" duration-ms="3" status="PASS">
          <reporter-output>
          </reporter-output>
        </test-method> <!-- setUp -->
        <test-method signature="validLandingOnLoginTest()[pri:0, instance:com.demo.tests.LoginTest@158a3b2e]" started-at="2026-01-31T00:02:22 IST" name="validLandingOnLoginTest" finished-at="2026-01-31T00:02:23 IST" duration-ms="1141" status="PASS">
          <reporter-output>
          </reporter-output>
        </test-method> <!-- validLandingOnLoginTest -->
        <test-method is-config="true" signature="tesrDown()[pri:0, instance:com.demo.tests.LoginTest@158a3b2e]" started-at="2026-01-31T00:02:23 IST" name="tesrDown" finished-at="2026-01-31T00:02:25 IST" duration-ms="1505" status="PASS">
          <reporter-output>
          </reporter-output>
        </test-method> <!-- tesrDown -->
      </class> <!-- com.demo.tests.LoginTest -->
    </test> <!-- Default test -->
  </suite> <!-- Default suite -->
</testng-results>
