<?xml version="1.0" encoding="UTF-8"?>
<!-- Generated by org.testng.reporters.JUnitReportReporter -->
<testsuite hostname="Robbo" failures="0" tests="3" name="com.demo.tests.LoginTest" time="21.137" errors="0" timestamp="2026-01-17T12:19:56 IST" skipped="0">
  <testcase classname="com.demo.tests.LoginTest" name="landingOnLoginTest01" time="6.961"/>
  <testcase classname="com.demo.tests.LoginTest" name="landingOnLoginTest02" time="6.753"/>
  <testcase classname="com.demo.tests.LoginTest" name="landingOnLoginTest" time="7.423"/>
</testsuite> <!-- com.demo.tests.LoginTest -->
